⬥ Injecting environment variable values for all scopes
⬥ Ignored general context env var: LANG (defined in process)
⬥ Injected .env file env vars: NETLIFY_DATABASE_URL
⬥ No app server detected. Using simple static server
⬥ Running static server from "Nightmare-Racing"
⬥ Setting up local dev server

⬥ Static server listening to 3999
---------------------------
Error: Unable to open browser automatically: Running inside a docker container
Please open your browser and open the URL below:
http://localhost:8888
---------------------------

   ╭─────────────────────── ⬥  ────────────────────────╮
   │                                                   │
   │   Local dev server ready: http://localhost:8888   │
   │                                                   │
   ╰───────────────────────────────────────────────────╯

⬥ Loaded function api-cars
(node:32074) [DEP0060] DeprecationWarning: The `util._extend` API is deprecated. Please use Object.assign() instead.
(Use `node --trace-deprecation ...` to show where the warning was created)
Request from ::1: POST /.netlify/functions/api-cars

⬥ Function api-cars has returned an error: No database connection string was provided to `neon()`. Perhaps an environment variable has not been set?
    at neon (/workspaces/Nightmare-Racing/node_modules/@neondatabase/serverless/index.mjs:1522:35)
    at Object.<anonymous> (/workspaces/Nightmare-Racing/database/database.js:7:13)
    at Module._compile (node:internal/modules/cjs/loader:1730:14)
    at Object..js (node:internal/modules/cjs/loader:1895:10)
    at Module.load (node:internal/modules/cjs/loader:1465:32)
    at Function._load (node:internal/modules/cjs/loader:1282:12)
    at TracingChannel.traceSync (node:diagnostics_channel:322:14)
    at wrapModuleLoad (node:internal/modules/cjs/loader:235:24)
    at Module.require (node:internal/modules/cjs/loader:1487:12)
    at require (node:internal/modules/helpers:135:16)

Response with status 500 in 801 ms.
